make.exe all --print-data-base --no-builtin-variables --no-builtin-rules --question
make: *** No rule to make target 'all'.  Stop.
 
# GNU Make 4.3
# Built for Windows32
# Copyright (C) 1988-2020 Free Software Foundation, Inc.
# License GPLv3+: GNU GPL version 3 or later <http://gnu.org/licenses/gpl.html>
# This is free software: you are free to change and redistribute it.
# There is NO WARRANTY, to the extent permitted by law.

# Make data base, printed on Sun Mar 27 08:05:57 2022

# Variables

# environment
SYSTEMDRIVE = C:
# environment
JAVA_HOME = C:\Program Files\Amazon Corretto\jdk17.0.2_8
# environment
LC_ALL = C
# environment
_MSYS2_BASH = C:\tools\msys64\usr\bin\bash.exe
# environment
USERPROFILE = C:\Users\jettt
# environment
TMPDIR = C:\Users\jettt\AppData\Local\Temp
# environment
LOCALAPPDATA = C:\Users\jettt\AppData\Local
# environment
VSCODE_IPC_HOOK_EXTHOST = \\.\pipe\vscode-ipc-f78f4cac-6083-456e-ae93-f572076c6f3a-sock
# environment
VSCODE_CWD = C:\Users\jettt\c-projects\huffman-test
# environment
MINGW_PREFIX = C:/Program Files/Git/mingw64
# environment
CHOCOLATEYINSTALL = C:\ProgramData\chocolatey
# environment
SYSTEMROOT = C:\WINDOWS
# environment
PROCESSOR_LEVEL = 6
# environment
PSMODULEPATH = C:\Program Files\WindowsPowerShell\Modules;C:\WINDOWS\system32\WindowsPowerShell\v1.0\Modules
# default
MAKE_COMMAND := C:/ProgramData/chocolatey/lib/make/tools/install/bin/make.exe
# environment
GOPATH = C:\Users\jettt\go
# automatic
@D = $(patsubst %/,%,$(patsubst %\,%,$(dir $@)))
# environment
ACLOCAL_PATH = C:\Program Files\Git\mingw64\share\aclocal;C:\Program Files\Git\usr\share\aclocal
# environment
CHROME_CRASHPAD_PIPE_NAME = \\.\pipe\crashpad_25108_PZGOBXPLQKSJOMUP
# environment
ORIGINAL_TEMP = C:/Users/jettt/AppData/Local/Temp
# environment
VSCODE_HANDLES_UNCAUGHT_ERRORS = true
# makefile (from 'Makefile', line 4)
LIB-SRCS := bitstring.cpp huffman.cpp
# default
.VARIABLES := 
# environment
PWD = C:/Users/jettt/c-projects/huffman-test
# automatic
%D = $(patsubst %/,%,$(patsubst %\,%,$(dir $%)))
# environment
HOSTNAME = DESKTOP-81U515C
# environment
OLDPWD = C:/Users/jettt
# automatic
^D = $(patsubst %/,%,$(patsubst %\,%,$(dir $^)))
# environment
VSCODE_LOG_STACK = false
# automatic
%F = $(notdir $%)
# environment
VSCODE_CODE_CACHE_PATH = C:\Users\jettt\AppData\Roaming\Code\CachedData\c722ca6c7eed3d7987c0d5c3df5c45f6b15e77d1
# environment
SSH_ASKPASS = C:/Program Files/Git/mingw64/bin/git-askpass.exe
# environment
LANG = C
# default
.LOADED := 
# environment
TMP = C:\Users\jettt\AppData\Local\Temp
# default
.INCLUDE_DIRS = .
# environment
PROCESSOR_ARCHITEW6432 = AMD64
# makefile
MAKEFLAGS = pqrR
# environment
PKG_CONFIG_PATH = C:\Program Files\Git\mingw64\lib\pkgconfig;C:\Program Files\Git\mingw64\share\pkgconfig
# environment
ONEDRIVE = C:\Users\jettt\OneDrive
# makefile
CURDIR := c:/Users/jettt/c-projects/huffman-test
# environment
VSCODE_PIPE_LOGGING = true
# environment
MSYSTEM_CARCH = x86_64
# environment
APPLICATION_INSIGHTS_NO_DIAGNOSTIC_CHANNEL = 1
# makefile (from 'Makefile', line 6)
SRCS := bitstring.cpp huffman.cpp main.cpp
# automatic
*D = $(patsubst %/,%,$(patsubst %\,%,$(dir $*)))
# environment
PROGRAMFILES = C:\Program Files (x86)
# environment
MFLAGS = -pqrR
# default
.SHELLFLAGS := -c
# environment
COMMONPROGRAMW6432 = C:\Program Files\Common Files
# automatic
+D = $(patsubst %/,%,$(patsubst %\,%,$(dir $+)))
# makefile (from 'Makefile', line 1)
MAKEFILE_LIST := Makefile
# automatic
@F = $(notdir $@)
# environment
VSCODE_VERBOSE_LOGGING = true
# environment
VSCODE_PID = 25108
# automatic
?D = $(patsubst %/,%,$(patsubst %\,%,$(dir $?)))
# environment
MINGW_CHOST = x86_64-w64-mingw32
# automatic
*F = $(notdir $*)
# environment
MANPATH = C:\Program Files\Git\mingw64\local\man;C:\Program Files\Git\mingw64\share\man;C:\Program Files\Git\usr\local\man;C:\Program Files\Git\usr\share\man;C:\Program Files\Git\usr\man;C:\Program Files\Git\share\man
# automatic
<D = $(patsubst %/,%,$(patsubst %\,%,$(dir $<)))
# environment
VSCODE_NLS_CONFIG = {"locale":"en-gb","availableLanguages":{},"_languagePackSupport":true}
# environment
ONEDRIVECONSUMER = C:\Users\jettt\OneDrive
# default
MAKE_HOST := Windows32
# environment
PROGRAMDATA = C:\ProgramData
# environment
INFOPATH = C:\Program Files\Git\usr\local\info;C:\Program Files\Git\usr\share\info;C:\Program Files\Git\usr\info;C:\Program Files\Git\share\info
# makefile
SHELL = C:/Program Files/Git/usr/bin/sh.exe
# environment
ORIGINAL_PATH = C:\Program Files\Git\mingw64\bin;C:\Program Files\Git\usr\bin;C:\Users\jettt\bin;C:\Program Files\Amazon Corretto\jdk17.0.2_8\bin;C:\Python39\Scripts;C:\Python39;C:\Program Files\Amazon Corretto\jdk16.0.2_7\bin;C:\WINDOWS\system32;C:\WINDOWS;C:\WINDOWS\System32\Wbem;C:\WINDOWS\System32\WindowsPowerShell\v1.0;C:\WINDOWS\System32\OpenSSH;C:\Program Files\Git\cmd;C:\ProgramData\chocolatey\bin;C:\Program Files\LLVM\bin;C:\Program Files\qemu;C:\Program Files\mingw-w64\x86_64-8.1.0-posix-seh-rt_v6-rev0\mingw64\bin;C:\Program Files (x86)\WiX Toolset v3.11\bin;C:\ProgramData\chocolatey\lib\maven\apache-maven-3.8.2\bin;C:\Program Files\Go\bin;C:\Program Files\nodejs;C:\Program Files\CMake\bin;C:\Program Files\Oracle\VirtualBox;C:\Program Files\Microsoft SQL Server\130\Tools\Binn;C:\Program Files\dotnet;C:\Program Files\Docker\Docker\resources\bin;C:\ProgramData\DockerDesktop\version-bin;C:\Program Files\eSpeak NG;C:\Users\jettt\.cargo\bin;C:\Users\jettt\AppData\Local\Microsoft\WindowsApps;C:\Users\jettt\AppData\Local\Programs\Microsoft VS Code\bin;C:\Users\jettt\go\bin;C:\Users\jettt\AppData\Roaming\npm;C:\Users\jettt\.dotnet\tools;C:\Users\Jettt\utils\flex-bison;C:\ProgramData\chocolatey\lib\mingw\tools\install\mingw64\bin;C:\Users\jettt\AppData\Roaming\cabal\bin;C:\tools\ghc-9.2.1\bin
# environment
HOMEPATH = \Users\jettt
# default
MAKECMDGOALS := all
# environment
SHLVL = 2
# environment
DRIVERDATA = C:\Windows\System32\Drivers\DriverData
# environment
COMSPEC = C:\WINDOWS\system32\cmd.exe
# environment
WINDIR = C:\WINDOWS
# environment
MAKELEVEL := 0
# default
MAKE = $(MAKE_COMMAND)
# environment
PATH = C:\Users\jettt\bin;C:\Program Files\Git\mingw64\bin;C:\Program Files\Git\usr\local\bin;C:\Program Files\Git\usr\bin;C:\Program Files\Git\usr\bin;C:\Program Files\Git\mingw64\bin;C:\Program Files\Git\usr\bin;C:\Users\jettt\bin;C:\Program Files\Amazon Corretto\jdk17.0.2_8\bin;C:\Python39\Scripts;C:\Python39;C:\Program Files\Amazon Corretto\jdk16.0.2_7\bin;C:\WINDOWS\system32;C:\WINDOWS;C:\WINDOWS\System32\Wbem;C:\WINDOWS\System32\WindowsPowerShell\v1.0;C:\WINDOWS\System32\OpenSSH;C:\Program Files\Git\cmd;C:\ProgramData\chocolatey\bin;C:\Program Files\LLVM\bin;C:\Program Files\qemu;C:\Program Files\mingw-w64\x86_64-8.1.0-posix-seh-rt_v6-rev0\mingw64\bin;C:\Program Files (x86)\WiX Toolset v3.11\bin;C:\ProgramData\chocolatey\lib\maven\apache-maven-3.8.2\bin;C:\Program Files\Go\bin;C:\Program Files\nodejs;C:\Program Files\CMake\bin;C:\Program Files\Oracle\VirtualBox;C:\Program Files\Microsoft SQL Server\130\Tools\Binn;C:\Program Files\dotnet;C:\Program Files\Docker\Docker\resources\bin;C:\ProgramData\DockerDesktop\version-bin;C:\Program Files\eSpeak NG;C:\Users\jettt\.cargo\bin;C:\Users\jettt\AppData\Local\Microsoft\WindowsApps;C:\Users\jettt\AppData\Local\Programs\Microsoft VS Code\bin;C:\Users\jettt\go\bin;C:\Users\jettt\AppData\Roaming\npm;C:\Users\jettt\.dotnet\tools;C:\Users\Jettt\utils\flex-bison;C:\ProgramData\chocolatey\lib\mingw\tools\install\mingw64\bin;C:\Users\jettt\AppData\Roaming\cabal\bin;C:\tools\ghc-9.2.1\bin;C:\Program Files\Git\usr\bin\vendor_perl;C 
:\Program Files\Git\usr\bin\core_perl
# environment
ZES_ENABLE_SYSMAN = 1
# environment
COMPUTERNAME = DESKTOP-81U515C
# default
MAKEFILES := 
# automatic
^F = $(notdir $^)
# environment
_MSYS2_PREFIX = x86_64
# environment
MINGW_PACKAGE_PREFIX = mingw-w64-x86_64
# environment
PROMPT = $P$G
# environment
CHOCOLATEYLASTPATHUPDATE = 132898163350336224
# environment
LOGONSERVER = \\DESKTOP-81U515C
# environment
VSCODE_LOG_NATIVE = false
# environment
USERNAME = jettt
# environment
COMMONPROGRAMFILES = C:\Program Files (x86)\Common Files
# automatic
?F = $(notdir $?)
# environment
PROGRAMW6432 = C:\Program Files
# environment
MSYSTEM_CHOST = x86_64-w64-mingw32
# environment
PATHEXT = .COM;.EXE;.BAT;.CMD;.VBS;.VBE;.JS;.JSE;.WSF;.WSH;.MSC;.PY;.PYW
# automatic
+F = $(notdir $+)
# environment
CONFIG_SITE = C:/Program Files/Git/etc/config.site
# environment
ORIGINAL_XDG_CURRENT_DESKTOP = undefined
# environment
USERDOMAIN = DESKTOP-81U515C
# 'override' directive
GNUMAKEFLAGS := 
# environment
OS = Windows_NT
# environment
MSYSTEM_PREFIX = C:/Program Files/Git/mingw64
# makefile
.DEFAULT_GOAL := program
# environment
DISPLAY = needs-to-be-defined
# default
MAKE_VERSION := 4.3
# environment
PROGRAMFILES(X86) = C:\Program Files (x86)
# environment
USERDOMAIN_ROAMINGPROFILE = DESKTOP-81U515C
# environment
NUMBER_OF_PROCESSORS = 8
# environment
PUBLIC = C:\Users\Public
# environment
_ = C:/Users/jettt/AppData/Local/Programs/Microsoft VS Code/Code.exe
# environment
APPDATA = C:\Users\jettt\AppData\Roaming
# environment
HOMEDRIVE = C:
# environment
PROCESSOR_ARCHITECTURE = x86
# environment
M2_HOME = C:\ProgramData\chocolatey\lib\maven\apache-maven-3.8.2
# makefile (from 'Makefile', line 7)
TEST-SRCS := bitstring.cpp huffman.cpp test.cpp
# environment
VSCODE_AMD_ENTRYPOINT = vs/workbench/api/node/extensionHostProcess
# environment
MSYSTEM = MINGW64
# environment
HOME = C:\Users\jettt
# environment
COMMONPROGRAMFILES(X86) = C:\Program Files (x86)\Common Files
# environment
EXEPATH = C:\Program Files\Git
# environment
ELECTRON_RUN_AS_NODE = 1
# environment
TEMP = C:\Users\jettt\AppData\Local\Temp
# environment
TERM = xterm-256color
# environment
VSCODE_IPC_HOOK = \\.\pipe\989d6257bf1c86ea9c243d7d336d60b6-1.65.2-main-sock
# default
.RECIPEPREFIX := 
# environment
ORIGINAL_TMP = C:/Users/jettt/AppData/Local/Temp
# automatic
<F = $(notdir $<)
# environment
PLINK_PROTOCOL = ssh
# default
SUFFIXES := 
# environment
ALLUSERSPROFILE = C:\ProgramData
# environment
SESSIONNAME = Console
# environment
VSCODE_CLI = 1
# environment
ELECTRON_NO_ATTACH_CONSOLE = 1
# makefile (from 'Makefile', line 2)
CXXFLAGS := -std=c++17 -g -Wall -Wextra -pedantic
# default
.FEATURES := target-specific order-only second-expansion else-if shortest-stem undefine oneshell nocomment grouped-target extra-prereqs archives jobserver output-sync load
# environment
PROCESSOR_REVISION = 8c01
# makefile (from 'Makefile', line 1)
CXX := clang++
# environment
WIX = C:\Program Files (x86)\WiX Toolset v3.11\
# environment
CHOCOLATEYTOOLSLOCATION = C:\tools
# environment
PROCESSOR_IDENTIFIER = Intel64 Family 6 Model 140 Stepping 1, GenuineIntel
# variable set hash-table stats:
# Load=137/1024=13%, Rehash=0, Collisions=15/168=9%

# Pattern-specific Variable Values

# No pattern-specific variable values.

# Directories

# . (key c:/Users/jettt/c-projects/huffman-test, mtime 1648288807): 21 files, no impossibilities.

# 21 files, no impossibilities in 1 directories.

# Implicit Rules

# No implicit rules.

# Files

# Not a target:
bitstring.cpp:
#  Implicit rule search has not been done.
#  Modification time never checked.
#  File has not been updated.

# Not a target:
Makefile:
#  Implicit rule search has been done.
#  Last modified 2022-03-26 15:11:32
#  File has been updated.
#  Successfully updated.

clean:
#  Implicit rule search has not been done.
#  Modification time never checked.
#  File has not been updated.
#  recipe to execute (from 'Makefile', line 19):
	@rm -f program

# Not a target:
huffman.cpp:
#  Implicit rule search has not been done.
#  Modification time never checked.
#  File has not been updated.

# Not a target:
.DEFAULT:
#  Implicit rule search has not been done.
#  Modification time never checked.
#  File has not been updated.

# Not a target:
all:
#  Command line target.
#  Implicit rule search has been done.
#  File does not exist.
#  File has not been updated.

# Not a target:
main.cpp:
#  Implicit rule search has not been done.
#  Modification time never checked.
#  File has not been updated.

test: bitstring.cpp huffman.cpp test.cpp
#  Phony target (prerequi 
site of .PHONY).
#  Implicit rule search has not been done.
#  File does not exist.
#  File has not been updated.
#  recipe to execute (from 'Makefile', line 15):
	@$(CXX) $(CXXFLAGS) $(CPPFLAGS) $^ -o $@
	@./test && echo Passed

.PHONY: test
#  Implicit rule search has not been done.
#  Modification time never checked.
#  File has not been updated.

program: bitstring.cpp huffman.cpp main.cpp
#  Implicit rule search has not been done.
#  Modification time never checked.
#  File has not been updated.
#  recipe to execute (from 'Makefile', line 10):
	@$(CXX) $(CXXFLAGS) $(CPPFLAGS) $^ -o $@
	@echo done

# Not a target:
test.cpp:
#  Implicit rule search has not been done.
#  Modification time never checked.
#  File has not been updated.

# files hash-table stats:
# Load=12/1024=1%, Rehash=0, Collisions=0/30=0%
# VPATH Search Paths

# No 'vpath' search paths.

# No general ('VPATH' variable) search path.

# strcache buffers: 1 (0) / strings = 26 / storage = 216 B / avg = 8 B
# current buf: size = 8174 B / used = 216 B / count = 26 / avg = 8 B

# strcache performance: lookups = 43 / hit rate = 39%
# hash-table stats:
# Load=26/8192=0%, Rehash=0, Collisions=0/43=0%
# Finished Make data base on Sun Mar 27 08:05:57 2022

 
